2023-09-12 19:13:45 INFO  App:14 - The program has started
2023-09-12 19:13:45 INFO  App:14 - The program has started
2023-09-12 19:20:35 INFO  App:17 - The program has started
2023-09-12 19:20:35 INFO  App:17 - The program has started
2023-09-12 19:20:35 DEBUG App:18 - Flyway migration execute
2023-09-12 19:20:35 DEBUG App:18 - Flyway migration execute
2023-09-13 02:17:13 INFO  App:17 - The program has started
2023-09-13 02:17:13 INFO  App:17 - The program has started
2023-09-13 02:17:13 DEBUG App:18 - Flyway migration execute
2023-09-13 02:17:13 DEBUG App:18 - Flyway migration execute
2023-09-13 03:16:06 INFO  App:17 - The program has started
2023-09-13 03:16:06 INFO  App:17 - The program has started
2023-09-13 03:16:06 DEBUG App:18 - Flyway migration execute
2023-09-13 03:16:06 DEBUG App:18 - Flyway migration execute
2023-09-13 03:17:30 INFO  App:17 - The program has started
2023-09-13 03:17:30 INFO  App:17 - The program has started
2023-09-13 03:17:30 DEBUG App:18 - Flyway migration execute
2023-09-13 03:17:30 DEBUG App:18 - Flyway migration execute
2023-09-13 03:55:54 INFO  App:17 - The program has started
2023-09-13 03:55:54 INFO  App:17 - The program has started
2023-09-13 03:55:54 DEBUG App:18 - Flyway migration execute
2023-09-13 03:55:54 DEBUG App:18 - Flyway migration execute
2023-09-13 03:56:46 INFO  App:17 - The program has started
2023-09-13 03:56:46 INFO  App:17 - The program has started
2023-09-13 03:56:46 DEBUG App:18 - Flyway migration execute
2023-09-13 03:56:46 DEBUG App:18 - Flyway migration execute
2023-09-13 04:01:44 INFO  App:17 - The program has started
2023-09-13 04:01:44 INFO  App:17 - The program has started
2023-09-13 04:01:44 DEBUG App:18 - Flyway migration execute
2023-09-13 04:01:44 DEBUG App:18 - Flyway migration execute
2023-09-13 04:03:40 INFO  App:17 - The program has started
2023-09-13 04:03:40 INFO  App:17 - The program has started
2023-09-13 04:03:40 DEBUG App:18 - Flyway migration execute
2023-09-13 04:03:40 DEBUG App:18 - Flyway migration execute
2023-09-13 04:09:26 INFO  App:22 - The program has started
2023-09-13 04:09:26 INFO  App:22 - The program has started
2023-09-13 04:09:26 INFO  OsbbCRUD:56 - Crud has initialized
2023-09-13 04:09:26 DEBUG OsbbCRUD:47 - Flyway migration execute
2023-09-13 04:09:26 TRACE OsbbCRUD:79 - Call getting members with auto not allowed method
2023-09-13 04:12:28 INFO  App:22 - The program has started
2023-09-13 04:12:28 INFO  App:22 - The program has started
2023-09-13 04:12:28 INFO  OsbbCRUD:56 - Crud has initialized
2023-09-13 04:12:28 DEBUG OsbbCRUD:47 - Flyway migration execute
2023-09-13 04:12:29 TRACE OsbbCRUD:79 - Call getting members with auto not allowed method
2023-09-13 04:14:36 INFO  App:14 - The program has started
2023-09-13 04:14:36 INFO  App:14 - The program has started
2023-09-13 04:14:36 INFO  OsbbCRUD:56 - Crud has initialized
2023-09-13 04:14:36 DEBUG OsbbCRUD:47 - Flyway migration execute
2023-09-13 04:14:36 TRACE OsbbCRUD:79 - Call getting members with auto not allowed method
2023-09-13 04:17:19 INFO  App:14 - The program has started
2023-09-13 04:17:19 INFO  App:14 - The program has started
2023-09-13 04:17:19 INFO  OsbbCRUD:56 - Crud has initialized
2023-09-13 04:17:19 DEBUG OsbbCRUD:47 - Flyway migration execute
2023-09-13 04:17:20 TRACE OsbbCRUD:79 - Call getting members with auto not allowed method
2023-09-13 04:21:57 INFO  App:14 - The program has started
2023-09-13 04:21:57 INFO  App:14 - The program has started
2023-09-13 04:21:57 INFO  OsbbCRUD:56 - Crud has initialized
2023-09-13 04:21:57 DEBUG OsbbCRUD:47 - Flyway migration execute
2023-09-13 04:21:57 TRACE OsbbCRUD:79 - Call getting members with auto not allowed method
2023-09-13 14:37:47 INFO  App:15 - The program has started
2023-09-13 14:37:47 INFO  App:15 - The program has started
2023-09-13 14:37:47 DEBUG DataBaseMigration:12 - Flyway migration execute
2023-09-13 14:37:47 INFO  OsbbCRUD:48 - Crud has initialized
2023-09-13 14:37:47 TRACE OsbbCRUD:71 - Call getting members with auto not allowed method
